{"/Users/Repositories/farhoodliquor/paperclip-adapter-hermes-k8s/src/index.ts": {"path":"/Users/Repositories/farhoodliquor/paperclip-adapter-hermes-k8s/src/index.ts","statementMap":{"0":{"start":{"line":1,"column":20},"end":{"line":1,"column":null}},"1":{"start":{"line":2,"column":21},"end":{"line":2,"column":null}},"2":{"start":{"line":4,"column":22},"end":{"line":15,"column":null}},"3":{"start":{"line":17,"column":37},"end":{"line":17,"column":null}}},"fnMap":{},"branchMap":{},"s":{"0":1,"1":1,"2":1,"3":1},"f":{},"b":{},"meta":{"lastBranch":0,"lastFunction":0,"lastStatement":4,"seen":{"s:1:20:1:Infinity":0,"s:2:21:2:Infinity":1,"s:4:22:15:Infinity":2,"s:17:37:17:Infinity":3}}}
,"/Users/Repositories/farhoodliquor/paperclip-adapter-hermes-k8s/src/ui-parser.ts": {"path":"/Users/Repositories/farhoodliquor/paperclip-adapter-hermes-k8s/src/ui-parser.ts","statementMap":{"0":{"start":{"line":12,"column":2},"end":{"line":12,"column":null}}},"fnMap":{"0":{"name":"parseStdoutLine","decl":{"start":{"line":11,"column":16},"end":{"line":11,"column":32}},"loc":{"start":{"line":11,"column":77},"end":{"line":12,"column":null}},"line":11}},"branchMap":{},"s":{"0":5},"f":{"0":5},"b":{},"meta":{"lastBranch":0,"lastFunction":1,"lastStatement":1,"seen":{"f:11:16:11:32":0,"s:12:2:12:Infinity":0}}}
,"/Users/Repositories/farhoodliquor/paperclip-adapter-hermes-k8s/src/server/index.ts": {"path":"/Users/Repositories/farhoodliquor/paperclip-adapter-hermes-k8s/src/server/index.ts","statementMap":{"0":{"start":{"line":8,"column":2},"end":{"line":16,"column":null}}},"fnMap":{"0":{"name":"createServerAdapter","decl":{"start":{"line":7,"column":16},"end":{"line":7,"column":59}},"loc":{"start":{"line":7,"column":59},"end":{"line":16,"column":null}},"line":7}},"branchMap":{},"s":{"0":0},"f":{"0":0},"b":{},"meta":{"lastBranch":0,"lastFunction":1,"lastStatement":1,"seen":{"f:7:16:7:59":0,"s:8:2:16:Infinity":0}}}
,"/Users/Repositories/farhoodliquor/paperclip-adapter-hermes-k8s/src/server/parse.ts": {"path":"/Users/Repositories/farhoodliquor/paperclip-adapter-hermes-k8s/src/server/parse.ts","statementMap":{"0":{"start":{"line":4,"column":2},"end":{"line":4,"column":null}},"1":{"start":{"line":4,"column":33},"end":{"line":4,"column":null}},"2":{"start":{"line":5,"column":8},"end":{"line":5,"column":32}},"3":{"start":{"line":6,"column":8},"end":{"line":6,"column":50}},"4":{"start":{"line":7,"column":2},"end":{"line":7,"column":null}},"5":{"start":{"line":7,"column":15},"end":{"line":7,"column":null}},"6":{"start":{"line":8,"column":8},"end":{"line":8,"column":36}},"7":{"start":{"line":9,"column":8},"end":{"line":9,"column":57}},"8":{"start":{"line":10,"column":2},"end":{"line":10,"column":null}},"9":{"start":{"line":10,"column":21},"end":{"line":10,"column":null}},"10":{"start":{"line":11,"column":8},"end":{"line":11,"column":44}},"11":{"start":{"line":12,"column":2},"end":{"line":12,"column":null}},"12":{"start":{"line":12,"column":12},"end":{"line":12,"column":null}},"13":{"start":{"line":13,"column":8},"end":{"line":13,"column":44}},"14":{"start":{"line":14,"column":2},"end":{"line":14,"column":null}},"15":{"start":{"line":14,"column":12},"end":{"line":14,"column":null}},"16":{"start":{"line":15,"column":2},"end":{"line":18,"column":null}},"17":{"start":{"line":16,"column":4},"end":{"line":16,"column":null}},"18":{"start":{"line":18,"column":4},"end":{"line":18,"column":null}},"19":{"start":{"line":23,"column":33},"end":{"line":23,"column":null}},"20":{"start":{"line":24,"column":29},"end":{"line":24,"column":31}},"21":{"start":{"line":25,"column":27},"end":{"line":25,"column":29}},"22":{"start":{"line":26,"column":16},"end":{"line":30,"column":null}},"23":{"start":{"line":31,"column":16},"end":{"line":31,"column":null}},"24":{"start":{"line":33,"column":2},"end":{"line":76,"column":null}},"25":{"start":{"line":34,"column":17},"end":{"line":34,"column":31}},"26":{"start":{"line":35,"column":4},"end":{"line":35,"column":null}},"27":{"start":{"line":35,"column":15},"end":{"line":35,"column":null}},"28":{"start":{"line":37,"column":10},"end":{"line":37,"column":33}},"29":{"start":{"line":38,"column":4},"end":{"line":38,"column":null}},"30":{"start":{"line":38,"column":16},"end":{"line":38,"column":null}},"31":{"start":{"line":40,"column":10},"end":{"line":40,"column":105}},"32":{"start":{"line":41,"column":4},"end":{"line":41,"column":null}},"33":{"start":{"line":41,"column":26},"end":{"line":41,"column":null}},"34":{"start":{"line":43,"column":10},"end":{"line":43,"column":41}},"35":{"start":{"line":45,"column":4},"end":{"line":49,"column":null}},"36":{"start":{"line":46,"column":12},"end":{"line":46,"column":42}},"37":{"start":{"line":47,"column":12},"end":{"line":47,"column":86}},"38":{"start":{"line":48,"column":6},"end":{"line":48,"column":null}},"39":{"start":{"line":48,"column":16},"end":{"line":48,"column":null}},"40":{"start":{"line":49,"column":6},"end":{"line":49,"column":null}},"41":{"start":{"line":52,"column":4},"end":{"line":60,"column":null}},"42":{"start":{"line":53,"column":12},"end":{"line":53,"column":42}},"43":{"start":{"line":54,"column":12},"end":{"line":54,"column":73}},"44":{"start":{"line":55,"column":12},"end":{"line":55,"column":46}},"45":{"start":{"line":56,"column":6},"end":{"line":56,"column":null}},"46":{"start":{"line":57,"column":6},"end":{"line":57,"column":null}},"47":{"start":{"line":58,"column":6},"end":{"line":58,"column":null}},"48":{"start":{"line":59,"column":6},"end":{"line":59,"column":null}},"49":{"start":{"line":60,"column":6},"end":{"line":60,"column":null}},"50":{"start":{"line":63,"column":4},"end":{"line":70,"column":null}},"51":{"start":{"line":64,"column":12},"end":{"line":64,"column":42}},"52":{"start":{"line":65,"column":12},"end":{"line":65,"column":43}},"53":{"start":{"line":66,"column":6},"end":{"line":68,"column":null}},"54":{"start":{"line":67,"column":14},"end":{"line":67,"column":53}},"55":{"start":{"line":68,"column":8},"end":{"line":68,"column":null}},"56":{"start":{"line":68,"column":18},"end":{"line":68,"column":null}},"57":{"start":{"line":70,"column":6},"end":{"line":70,"column":null}},"58":{"start":{"line":73,"column":4},"end":{"line":76,"column":null}},"59":{"start":{"line":74,"column":19},"end":{"line":74,"column":65}},"60":{"start":{"line":75,"column":6},"end":{"line":75,"column":null}},"61":{"start":{"line":75,"column":16},"end":{"line":75,"column":null}},"62":{"start":{"line":76,"column":6},"end":{"line":76,"column":null}},"63":{"start":{"line":80,"column":2},"end":{"line":86,"column":null}},"64":{"start":{"line":90,"column":19},"end":{"line":94,"column":15}},"65":{"start":{"line":92,"column":19},"end":{"line":92,"column":30}},"66":{"start":{"line":96,"column":2},"end":{"line":98,"column":null}}},"fnMap":{"0":{"name":"errorText","decl":{"start":{"line":3,"column":9},"end":{"line":3,"column":19}},"loc":{"start":{"line":3,"column":43},"end":{"line":18,"column":null}},"line":3},"1":{"name":"parseHermesJsonl","decl":{"start":{"line":22,"column":16},"end":{"line":22,"column":33}},"loc":{"start":{"line":22,"column":49},"end":{"line":86,"column":null}},"line":22},"2":{"name":"isHermesUnknownSessionError","decl":{"start":{"line":89,"column":16},"end":{"line":89,"column":44}},"loc":{"start":{"line":89,"column":85},"end":{"line":98,"column":null}},"line":89},"3":{"name":"(anonymous_3)","decl":{"start":{"line":92,"column":5},"end":{"line":92,"column":10}},"loc":{"start":{"line":92,"column":19},"end":{"line":92,"column":30}},"line":92}},"branchMap":{"0":{"loc":{"start":{"line":4,"column":2},"end":{"line":4,"column":null}},"type":"if","locations":[{"start":{"line":4,"column":2},"end":{"line":4,"column":null}},{"start":{},"end":{}}],"line":4},"1":{"loc":{"start":{"line":7,"column":2},"end":{"line":7,"column":null}},"type":"if","locations":[{"start":{"line":7,"column":2},"end":{"line":7,"column":null}},{"start":{},"end":{}}],"line":7},"2":{"loc":{"start":{"line":10,"column":2},"end":{"line":10,"column":null}},"type":"if","locations":[{"start":{"line":10,"column":2},"end":{"line":10,"column":null}},{"start":{},"end":{}}],"line":10},"3":{"loc":{"start":{"line":12,"column":2},"end":{"line":12,"column":null}},"type":"if","locations":[{"start":{"line":12,"column":2},"end":{"line":12,"column":null}},{"start":{},"end":{}}],"line":12},"4":{"loc":{"start":{"line":14,"column":2},"end":{"line":14,"column":null}},"type":"if","locations":[{"start":{"line":14,"column":2},"end":{"line":14,"column":null}},{"start":{},"end":{}}],"line":14},"5":{"loc":{"start":{"line":35,"column":4},"end":{"line":35,"column":null}},"type":"if","locations":[{"start":{"line":35,"column":4},"end":{"line":35,"column":null}},{"start":{},"end":{}}],"line":35},"6":{"loc":{"start":{"line":38,"column":4},"end":{"line":38,"column":null}},"type":"if","locations":[{"start":{"line":38,"column":4},"end":{"line":38,"column":null}},{"start":{},"end":{}}],"line":38},"7":{"loc":{"start":{"line":40,"column":10},"end":{"line":40,"column":105}},"type":"binary-expr","locations":[{"start":{"line":40,"column":10},"end":{"line":40,"column":65}},{"start":{"line":40,"column":65},"end":{"line":40,"column":105}}],"line":40},"8":{"loc":{"start":{"line":41,"column":4},"end":{"line":41,"column":null}},"type":"if","locations":[{"start":{"line":41,"column":4},"end":{"line":41,"column":null}},{"start":{},"end":{}}],"line":41},"9":{"loc":{"start":{"line":45,"column":4},"end":{"line":49,"column":null}},"type":"if","locations":[{"start":{"line":45,"column":4},"end":{"line":49,"column":null}},{"start":{},"end":{}}],"line":45},"10":{"loc":{"start":{"line":45,"column":8},"end":{"line":45,"column":47}},"type":"binary-expr","locations":[{"start":{"line":45,"column":8},"end":{"line":45,"column":27}},{"start":{"line":45,"column":27},"end":{"line":45,"column":47}}],"line":45},"11":{"loc":{"start":{"line":47,"column":12},"end":{"line":47,"column":86}},"type":"binary-expr","locations":[{"start":{"line":47,"column":12},"end":{"line":47,"column":49}},{"start":{"line":47,"column":49},"end":{"line":47,"column":86}}],"line":47},"12":{"loc":{"start":{"line":48,"column":6},"end":{"line":48,"column":null}},"type":"if","locations":[{"start":{"line":48,"column":6},"end":{"line":48,"column":null}},{"start":{},"end":{}}],"line":48},"13":{"loc":{"start":{"line":52,"column":4},"end":{"line":60,"column":null}},"type":"if","locations":[{"start":{"line":52,"column":4},"end":{"line":60,"column":null}},{"start":{},"end":{}}],"line":52},"14":{"loc":{"start":{"line":52,"column":8},"end":{"line":52,"column":60}},"type":"binary-expr","locations":[{"start":{"line":52,"column":8},"end":{"line":52,"column":34}},{"start":{"line":52,"column":34},"end":{"line":52,"column":60}}],"line":52},"15":{"loc":{"start":{"line":54,"column":12},"end":{"line":54,"column":73}},"type":"binary-expr","locations":[{"start":{"line":54,"column":12},"end":{"line":54,"column":45}},{"start":{"line":54,"column":45},"end":{"line":54,"column":73}}],"line":54},"16":{"loc":{"start":{"line":59,"column":6},"end":{"line":59,"column":66}},"type":"binary-expr","locations":[{"start":{"line":59,"column":6},"end":{"line":59,"column":39}},{"start":{"line":59,"column":39},"end":{"line":59,"column":66}}],"line":59},"17":{"loc":{"start":{"line":63,"column":4},"end":{"line":70,"column":null}},"type":"if","locations":[{"start":{"line":63,"column":4},"end":{"line":70,"column":null}},{"start":{},"end":{}}],"line":63},"18":{"loc":{"start":{"line":66,"column":6},"end":{"line":68,"column":null}},"type":"if","locations":[{"start":{"line":66,"column":6},"end":{"line":68,"column":null}},{"start":{},"end":{}}],"line":66},"19":{"loc":{"start":{"line":68,"column":8},"end":{"line":68,"column":null}},"type":"if","locations":[{"start":{"line":68,"column":8},"end":{"line":68,"column":null}},{"start":{},"end":{}}],"line":68},"20":{"loc":{"start":{"line":73,"column":4},"end":{"line":76,"column":null}},"type":"if","locations":[{"start":{"line":73,"column":4},"end":{"line":76,"column":null}},{"start":{},"end":{}}],"line":73},"21":{"loc":{"start":{"line":74,"column":29},"end":{"line":74,"column":58}},"type":"binary-expr","locations":[{"start":{"line":74,"column":29},"end":{"line":74,"column":44}},{"start":{"line":74,"column":44},"end":{"line":74,"column":58}}],"line":74},"22":{"loc":{"start":{"line":75,"column":6},"end":{"line":75,"column":null}},"type":"if","locations":[{"start":{"line":75,"column":6},"end":{"line":75,"column":null}},{"start":{},"end":{}}],"line":75},"23":{"loc":{"start":{"line":85,"column":18},"end":{"line":85,"column":null}},"type":"cond-expr","locations":[{"start":{"line":85,"column":38},"end":{"line":85,"column":55}},{"start":{"line":85,"column":58},"end":{"line":85,"column":null}}],"line":85}},"s":{"0":3,"1":0,"2":3,"3":3,"4":3,"5":1,"6":2,"7":2,"8":2,"9":1,"10":1,"11":1,"12":0,"13":1,"14":1,"15":1,"16":0,"17":0,"18":0,"19":15,"20":15,"21":15,"22":15,"23":15,"24":15,"25":22,"26":22,"27":2,"28":20,"29":20,"30":0,"31":20,"32":22,"33":2,"34":20,"35":20,"36":6,"37":6,"38":6,"39":6,"40":6,"41":14,"42":10,"43":10,"44":10,"45":10,"46":10,"47":10,"48":10,"49":10,"50":4,"51":1,"52":1,"53":1,"54":1,"55":1,"56":1,"57":1,"58":3,"59":3,"60":3,"61":3,"62":3,"63":15,"64":8,"65":16,"66":8},"f":{"0":3,"1":15,"2":8,"3":16},"b":{"0":[0,3],"1":[1,2],"2":[1,1],"3":[0,1],"4":[1,0],"5":[2,20],"6":[0,20],"7":[20,19],"8":[2,20],"9":[6,14],"10":[20,15],"11":[6,1],"12":[6,0],"13":[10,4],"14":[14,4],"15":[10,0],"16":[10,8],"17":[1,3],"18":[1,0],"19":[1,0],"20":[3,0],"21":[3,0],"22":[3,0],"23":[4,11]},"meta":{"lastBranch":24,"lastFunction":4,"lastStatement":67,"seen":{"f:3:9:3:19":0,"b:4:2:4:Infinity:undefined:undefined:undefined:undefined":0,"s:4:2:4:Infinity":0,"s:4:33:4:Infinity":1,"s:5:8:5:32":2,"s:6:8:6:50":3,"b:7:2:7:Infinity:undefined:undefined:undefined:undefined":1,"s:7:2:7:Infinity":4,"s:7:15:7:Infinity":5,"s:8:8:8:36":6,"s:9:8:9:57":7,"b:10:2:10:Infinity:undefined:undefined:undefined:undefined":2,"s:10:2:10:Infinity":8,"s:10:21:10:Infinity":9,"s:11:8:11:44":10,"b:12:2:12:Infinity:undefined:undefined:undefined:undefined":3,"s:12:2:12:Infinity":11,"s:12:12:12:Infinity":12,"s:13:8:13:44":13,"b:14:2:14:Infinity:undefined:undefined:undefined:undefined":4,"s:14:2:14:Infinity":14,"s:14:12:14:Infinity":15,"s:15:2:18:Infinity":16,"s:16:4:16:Infinity":17,"s:18:4:18:Infinity":18,"f:22:16:22:33":1,"s:23:33:23:Infinity":19,"s:24:29:24:31":20,"s:25:27:25:29":21,"s:26:16:30:Infinity":22,"s:31:16:31:Infinity":23,"s:33:2:76:Infinity":24,"s:34:17:34:31":25,"b:35:4:35:Infinity:undefined:undefined:undefined:undefined":5,"s:35:4:35:Infinity":26,"s:35:15:35:Infinity":27,"s:37:10:37:33":28,"b:38:4:38:Infinity:undefined:undefined:undefined:undefined":6,"s:38:4:38:Infinity":29,"s:38:16:38:Infinity":30,"s:40:10:40:105":31,"b:40:10:40:65:40:65:40:105":7,"b:41:4:41:Infinity:undefined:undefined:undefined:undefined":8,"s:41:4:41:Infinity":32,"s:41:26:41:Infinity":33,"s:43:10:43:41":34,"b:45:4:49:Infinity:undefined:undefined:undefined:undefined":9,"s:45:4:49:Infinity":35,"b:45:8:45:27:45:27:45:47":10,"s:46:12:46:42":36,"s:47:12:47:86":37,"b:47:12:47:49:47:49:47:86":11,"b:48:6:48:Infinity:undefined:undefined:undefined:undefined":12,"s:48:6:48:Infinity":38,"s:48:16:48:Infinity":39,"s:49:6:49:Infinity":40,"b:52:4:60:Infinity:undefined:undefined:undefined:undefined":13,"s:52:4:60:Infinity":41,"b:52:8:52:34:52:34:52:60":14,"s:53:12:53:42":42,"s:54:12:54:73":43,"b:54:12:54:45:54:45:54:73":15,"s:55:12:55:46":44,"s:56:6:56:Infinity":45,"s:57:6:57:Infinity":46,"s:58:6:58:Infinity":47,"s:59:6:59:Infinity":48,"b:59:6:59:39:59:39:59:66":16,"s:60:6:60:Infinity":49,"b:63:4:70:Infinity:undefined:undefined:undefined:undefined":17,"s:63:4:70:Infinity":50,"s:64:12:64:42":51,"s:65:12:65:43":52,"b:66:6:68:Infinity:undefined:undefined:undefined:undefined":18,"s:66:6:68:Infinity":53,"s:67:14:67:53":54,"b:68:8:68:Infinity:undefined:undefined:undefined:undefined":19,"s:68:8:68:Infinity":55,"s:68:18:68:Infinity":56,"s:70:6:70:Infinity":57,"b:73:4:76:Infinity:undefined:undefined:undefined:undefined":20,"s:73:4:76:Infinity":58,"s:74:19:74:65":59,"b:74:29:74:44:74:44:74:58":21,"b:75:6:75:Infinity:undefined:undefined:undefined:undefined":22,"s:75:6:75:Infinity":60,"s:75:16:75:Infinity":61,"s:76:6:76:Infinity":62,"s:80:2:86:Infinity":63,"b:85:38:85:55:85:58:85:Infinity":23,"f:89:16:89:44":2,"s:90:19:94:15":64,"f:92:5:92:10":3,"s:92:19:92:30":65,"s:96:2:98:Infinity":66}}}
,"/Users/Repositories/farhoodliquor/paperclip-adapter-hermes-k8s/src/server/session.ts": {"path":"/Users/Repositories/farhoodliquor/paperclip-adapter-hermes-k8s/src/server/session.ts","statementMap":{"0":{"start":{"line":4,"column":2},"end":{"line":4,"column":null}},"1":{"start":{"line":7,"column":49},"end":{"line":61,"column":null}},"2":{"start":{"line":9,"column":4},"end":{"line":9,"column":null}},"3":{"start":{"line":9,"column":71},"end":{"line":9,"column":null}},"4":{"start":{"line":10,"column":19},"end":{"line":10,"column":null}},"5":{"start":{"line":12,"column":6},"end":{"line":14,"column":42}},"6":{"start":{"line":15,"column":4},"end":{"line":15,"column":null}},"7":{"start":{"line":15,"column":20},"end":{"line":15,"column":null}},"8":{"start":{"line":17,"column":6},"end":{"line":19,"column":39}},"9":{"start":{"line":20,"column":24},"end":{"line":20,"column":105}},"10":{"start":{"line":21,"column":20},"end":{"line":21,"column":93}},"11":{"start":{"line":22,"column":20},"end":{"line":22,"column":93}},"12":{"start":{"line":23,"column":4},"end":{"line":29,"column":null}},"13":{"start":{"line":32,"column":4},"end":{"line":32,"column":null}},"14":{"start":{"line":32,"column":17},"end":{"line":32,"column":null}},"15":{"start":{"line":34,"column":6},"end":{"line":36,"column":42}},"16":{"start":{"line":37,"column":4},"end":{"line":37,"column":null}},"17":{"start":{"line":37,"column":20},"end":{"line":37,"column":null}},"18":{"start":{"line":39,"column":6},"end":{"line":41,"column":39}},"19":{"start":{"line":42,"column":24},"end":{"line":42,"column":105}},"20":{"start":{"line":43,"column":20},"end":{"line":43,"column":93}},"21":{"start":{"line":44,"column":20},"end":{"line":44,"column":93}},"22":{"start":{"line":45,"column":4},"end":{"line":51,"column":null}},"23":{"start":{"line":54,"column":4},"end":{"line":54,"column":null}},"24":{"start":{"line":54,"column":17},"end":{"line":54,"column":null}},"25":{"start":{"line":55,"column":4},"end":{"line":58,"column":null}}},"fnMap":{"0":{"name":"readNonEmptyString","decl":{"start":{"line":3,"column":9},"end":{"line":3,"column":28}},"loc":{"start":{"line":3,"column":59},"end":{"line":4,"column":null}},"line":3},"1":{"name":"(anonymous_1)","decl":{"start":{"line":8,"column":2},"end":{"line":8,"column":14}},"loc":{"start":{"line":8,"column":28},"end":{"line":29,"column":null}},"line":8},"2":{"name":"(anonymous_2)","decl":{"start":{"line":31,"column":2},"end":{"line":31,"column":12}},"loc":{"start":{"line":31,"column":52},"end":{"line":51,"column":null}},"line":31},"3":{"name":"(anonymous_3)","decl":{"start":{"line":53,"column":2},"end":{"line":53,"column":15}},"loc":{"start":{"line":53,"column":55},"end":{"line":58,"column":null}},"line":53}},"branchMap":{"0":{"loc":{"start":{"line":4,"column":9},"end":{"line":4,"column":null}},"type":"cond-expr","locations":[{"start":{"line":4,"column":64},"end":{"line":4,"column":76}},{"start":{"line":4,"column":79},"end":{"line":4,"column":null}}],"line":4},"1":{"loc":{"start":{"line":4,"column":9},"end":{"line":4,"column":64}},"type":"binary-expr","locations":[{"start":{"line":4,"column":9},"end":{"line":4,"column":38}},{"start":{"line":4,"column":38},"end":{"line":4,"column":64}}],"line":4},"2":{"loc":{"start":{"line":9,"column":4},"end":{"line":9,"column":null}},"type":"if","locations":[{"start":{"line":9,"column":4},"end":{"line":9,"column":null}},{"start":{},"end":{}}],"line":9},"3":{"loc":{"start":{"line":9,"column":8},"end":{"line":9,"column":69}},"type":"binary-expr","locations":[{"start":{"line":9,"column":8},"end":{"line":9,"column":35}},{"start":{"line":9,"column":35},"end":{"line":9,"column":51}},{"start":{"line":9,"column":51},"end":{"line":9,"column":69}}],"line":9},"4":{"loc":{"start":{"line":12,"column":6},"end":{"line":14,"column":42}},"type":"binary-expr","locations":[{"start":{"line":12,"column":6},"end":{"line":12,"column":42}},{"start":{"line":13,"column":6},"end":{"line":13,"column":43}},{"start":{"line":14,"column":6},"end":{"line":14,"column":42}}],"line":12},"5":{"loc":{"start":{"line":15,"column":4},"end":{"line":15,"column":null}},"type":"if","locations":[{"start":{"line":15,"column":4},"end":{"line":15,"column":null}},{"start":{},"end":{}}],"line":15},"6":{"loc":{"start":{"line":17,"column":6},"end":{"line":19,"column":39}},"type":"binary-expr","locations":[{"start":{"line":17,"column":6},"end":{"line":17,"column":36}},{"start":{"line":18,"column":6},"end":{"line":18,"column":40}},{"start":{"line":19,"column":6},"end":{"line":19,"column":39}}],"line":17},"7":{"loc":{"start":{"line":20,"column":24},"end":{"line":20,"column":105}},"type":"binary-expr","locations":[{"start":{"line":20,"column":24},"end":{"line":20,"column":62}},{"start":{"line":20,"column":66},"end":{"line":20,"column":105}}],"line":20},"8":{"loc":{"start":{"line":21,"column":20},"end":{"line":21,"column":93}},"type":"binary-expr","locations":[{"start":{"line":21,"column":20},"end":{"line":21,"column":54}},{"start":{"line":21,"column":58},"end":{"line":21,"column":93}}],"line":21},"9":{"loc":{"start":{"line":22,"column":20},"end":{"line":22,"column":93}},"type":"binary-expr","locations":[{"start":{"line":22,"column":20},"end":{"line":22,"column":54}},{"start":{"line":22,"column":58},"end":{"line":22,"column":93}}],"line":22},"10":{"loc":{"start":{"line":25,"column":10},"end":{"line":25,"column":28}},"type":"cond-expr","locations":[{"start":{"line":25,"column":16},"end":{"line":25,"column":23}},{"start":{"line":25,"column":26},"end":{"line":25,"column":28}}],"line":25},"11":{"loc":{"start":{"line":26,"column":10},"end":{"line":26,"column":44}},"type":"cond-expr","locations":[{"start":{"line":26,"column":24},"end":{"line":26,"column":39}},{"start":{"line":26,"column":42},"end":{"line":26,"column":44}}],"line":26},"12":{"loc":{"start":{"line":27,"column":10},"end":{"line":27,"column":36}},"type":"cond-expr","locations":[{"start":{"line":27,"column":20},"end":{"line":27,"column":31}},{"start":{"line":27,"column":34},"end":{"line":27,"column":36}}],"line":27},"13":{"loc":{"start":{"line":28,"column":10},"end":{"line":28,"column":null}},"type":"cond-expr","locations":[{"start":{"line":28,"column":20},"end":{"line":28,"column":31}},{"start":{"line":28,"column":34},"end":{"line":28,"column":null}}],"line":28},"14":{"loc":{"start":{"line":32,"column":4},"end":{"line":32,"column":null}},"type":"if","locations":[{"start":{"line":32,"column":4},"end":{"line":32,"column":null}},{"start":{},"end":{}}],"line":32},"15":{"loc":{"start":{"line":34,"column":6},"end":{"line":36,"column":42}},"type":"binary-expr","locations":[{"start":{"line":34,"column":6},"end":{"line":34,"column":42}},{"start":{"line":35,"column":6},"end":{"line":35,"column":43}},{"start":{"line":36,"column":6},"end":{"line":36,"column":42}}],"line":34},"16":{"loc":{"start":{"line":37,"column":4},"end":{"line":37,"column":null}},"type":"if","locations":[{"start":{"line":37,"column":4},"end":{"line":37,"column":null}},{"start":{},"end":{}}],"line":37},"17":{"loc":{"start":{"line":39,"column":6},"end":{"line":41,"column":39}},"type":"binary-expr","locations":[{"start":{"line":39,"column":6},"end":{"line":39,"column":36}},{"start":{"line":40,"column":6},"end":{"line":40,"column":40}},{"start":{"line":41,"column":6},"end":{"line":41,"column":39}}],"line":39},"18":{"loc":{"start":{"line":42,"column":24},"end":{"line":42,"column":105}},"type":"binary-expr","locations":[{"start":{"line":42,"column":24},"end":{"line":42,"column":62}},{"start":{"line":42,"column":66},"end":{"line":42,"column":105}}],"line":42},"19":{"loc":{"start":{"line":43,"column":20},"end":{"line":43,"column":93}},"type":"binary-expr","locations":[{"start":{"line":43,"column":20},"end":{"line":43,"column":54}},{"start":{"line":43,"column":58},"end":{"line":43,"column":93}}],"line":43},"20":{"loc":{"start":{"line":44,"column":20},"end":{"line":44,"column":93}},"type":"binary-expr","locations":[{"start":{"line":44,"column":20},"end":{"line":44,"column":54}},{"start":{"line":44,"column":58},"end":{"line":44,"column":93}}],"line":44},"21":{"loc":{"start":{"line":47,"column":10},"end":{"line":47,"column":28}},"type":"cond-expr","locations":[{"start":{"line":47,"column":16},"end":{"line":47,"column":23}},{"start":{"line":47,"column":26},"end":{"line":47,"column":28}}],"line":47},"22":{"loc":{"start":{"line":48,"column":10},"end":{"line":48,"column":44}},"type":"cond-expr","locations":[{"start":{"line":48,"column":24},"end":{"line":48,"column":39}},{"start":{"line":48,"column":42},"end":{"line":48,"column":44}}],"line":48},"23":{"loc":{"start":{"line":49,"column":10},"end":{"line":49,"column":36}},"type":"cond-expr","locations":[{"start":{"line":49,"column":20},"end":{"line":49,"column":31}},{"start":{"line":49,"column":34},"end":{"line":49,"column":36}}],"line":49},"24":{"loc":{"start":{"line":50,"column":10},"end":{"line":50,"column":null}},"type":"cond-expr","locations":[{"start":{"line":50,"column":20},"end":{"line":50,"column":31}},{"start":{"line":50,"column":34},"end":{"line":50,"column":null}}],"line":50},"25":{"loc":{"start":{"line":54,"column":4},"end":{"line":54,"column":null}},"type":"if","locations":[{"start":{"line":54,"column":4},"end":{"line":54,"column":null}},{"start":{},"end":{}}],"line":54},"26":{"loc":{"start":{"line":56,"column":6},"end":{"line":58,"column":42}},"type":"binary-expr","locations":[{"start":{"line":56,"column":6},"end":{"line":56,"column":42}},{"start":{"line":57,"column":6},"end":{"line":57,"column":43}},{"start":{"line":58,"column":6},"end":{"line":58,"column":42}}],"line":56}},"s":{"0":164,"1":2,"2":17,"3":3,"4":14,"5":14,"6":17,"7":1,"8":13,"9":17,"10":17,"11":17,"12":17,"13":5,"14":1,"15":4,"16":5,"17":1,"18":3,"19":5,"20":5,"21":5,"22":5,"23":4,"24":1,"25":3},"f":{"0":164,"1":17,"2":5,"3":4},"b":{"0":[28,136],"1":[164,30],"2":[3,14],"3":[17,16,15],"4":[14,4,2],"5":[1,16],"6":[13,12,11],"7":[17,12],"8":[17,12],"9":[17,12],"10":[3,10],"11":[1,12],"12":[1,12],"13":[1,12],"14":[1,4],"15":[4,1,1],"16":[1,4],"17":[3,2,2],"18":[5,2],"19":[5,2],"20":[5,2],"21":[1,2],"22":[1,2],"23":[1,2],"24":[1,2],"25":[1,3],"26":[3,1,1]},"meta":{"lastBranch":27,"lastFunction":4,"lastStatement":26,"seen":{"f:3:9:3:28":0,"s:4:2:4:Infinity":0,"b:4:64:4:76:4:79:4:Infinity":0,"b:4:9:4:38:4:38:4:64":1,"s:7:49:61:Infinity":1,"f:8:2:8:14":1,"b:9:4:9:Infinity:undefined:undefined:undefined:undefined":2,"s:9:4:9:Infinity":2,"b:9:8:9:35:9:35:9:51:9:51:9:69":3,"s:9:71:9:Infinity":3,"s:10:19:10:Infinity":4,"s:12:6:14:42":5,"b:12:6:12:42:13:6:13:43:14:6:14:42":4,"b:15:4:15:Infinity:undefined:undefined:undefined:undefined":5,"s:15:4:15:Infinity":6,"s:15:20:15:Infinity":7,"s:17:6:19:39":8,"b:17:6:17:36:18:6:18:40:19:6:19:39":6,"s:20:24:20:105":9,"b:20:24:20:62:20:66:20:105":7,"s:21:20:21:93":10,"b:21:20:21:54:21:58:21:93":8,"s:22:20:22:93":11,"b:22:20:22:54:22:58:22:93":9,"s:23:4:29:Infinity":12,"b:25:16:25:23:25:26:25:28":10,"b:26:24:26:39:26:42:26:44":11,"b:27:20:27:31:27:34:27:36":12,"b:28:20:28:31:28:34:28:Infinity":13,"f:31:2:31:12":2,"b:32:4:32:Infinity:undefined:undefined:undefined:undefined":14,"s:32:4:32:Infinity":13,"s:32:17:32:Infinity":14,"s:34:6:36:42":15,"b:34:6:34:42:35:6:35:43:36:6:36:42":15,"b:37:4:37:Infinity:undefined:undefined:undefined:undefined":16,"s:37:4:37:Infinity":16,"s:37:20:37:Infinity":17,"s:39:6:41:39":18,"b:39:6:39:36:40:6:40:40:41:6:41:39":17,"s:42:24:42:105":19,"b:42:24:42:62:42:66:42:105":18,"s:43:20:43:93":20,"b:43:20:43:54:43:58:43:93":19,"s:44:20:44:93":21,"b:44:20:44:54:44:58:44:93":20,"s:45:4:51:Infinity":22,"b:47:16:47:23:47:26:47:28":21,"b:48:24:48:39:48:42:48:44":22,"b:49:20:49:31:49:34:49:36":23,"b:50:20:50:31:50:34:50:Infinity":24,"f:53:2:53:15":3,"b:54:4:54:Infinity:undefined:undefined:undefined:undefined":25,"s:54:4:54:Infinity":23,"s:54:17:54:Infinity":24,"s:55:4:58:Infinity":25,"b:56:6:56:42:57:6:57:43:58:6:58:42":26}}}
}
