{"/Users/Repositories/farhoodliquor/paperclip-adapter-hermes-k8s/src/index.ts": {"path":"/Users/Repositories/farhoodliquor/paperclip-adapter-hermes-k8s/src/index.ts","statementMap":{"0":{"start":{"line":1,"column":20},"end":{"line":1,"column":null}},"1":{"start":{"line":2,"column":21},"end":{"line":2,"column":null}},"2":{"start":{"line":4,"column":22},"end":{"line":15,"column":null}},"3":{"start":{"line":20,"column":44},"end":{"line":28,"column":null}},"4":{"start":{"line":23,"column":10},"end":{"line":23,"column":46}},"5":{"start":{"line":24,"column":4},"end":{"line":25,"column":null}},"6":{"start":{"line":25,"column":6},"end":{"line":25,"column":null}},"7":{"start":{"line":30,"column":37},"end":{"line":30,"column":null}}},"fnMap":{"0":{"name":"(anonymous_0)","decl":{"start":{"line":22,"column":2},"end":{"line":22,"column":22}},"loc":{"start":{"line":22,"column":55},"end":{"line":25,"column":null}},"line":22}},"branchMap":{"0":{"loc":{"start":{"line":24,"column":4},"end":{"line":25,"column":null}},"type":"if","locations":[{"start":{"line":24,"column":4},"end":{"line":25,"column":null}},{"start":{},"end":{}}],"line":24}},"s":{"0":1,"1":1,"2":1,"3":1,"4":0,"5":0,"6":0,"7":1},"f":{"0":0},"b":{"0":[0,0]},"meta":{"lastBranch":1,"lastFunction":1,"lastStatement":8,"seen":{"s:1:20:1:Infinity":0,"s:2:21:2:Infinity":1,"s:4:22:15:Infinity":2,"s:20:44:28:Infinity":3,"f:22:2:22:22":0,"s:23:10:23:46":4,"b:24:4:25:Infinity:undefined:undefined:undefined:undefined":0,"s:24:4:25:Infinity":5,"s:25:6:25:Infinity":6,"s:30:37:30:Infinity":7}}}
,"/Users/Repositories/farhoodliquor/paperclip-adapter-hermes-k8s/src/ui-parser.ts": {"path":"/Users/Repositories/farhoodliquor/paperclip-adapter-hermes-k8s/src/ui-parser.ts","statementMap":{"0":{"start":{"line":17,"column":27},"end":{"line":17,"column":null}},"1":{"start":{"line":18,"column":23},"end":{"line":18,"column":null}},"2":{"start":{"line":20,"column":22},"end":{"line":20,"column":null}},"3":{"start":{"line":23,"column":2},"end":{"line":23,"column":null}},"4":{"start":{"line":27,"column":2},"end":{"line":27,"column":null}},"5":{"start":{"line":31,"column":2},"end":{"line":35,"column":null}},"6":{"start":{"line":40,"column":2},"end":{"line":40,"column":null}},"7":{"start":{"line":44,"column":2},"end":{"line":44,"column":null}},"8":{"start":{"line":54,"column":16},"end":{"line":54,"column":55}},"9":{"start":{"line":55,"column":2},"end":{"line":55,"column":null}},"10":{"start":{"line":55,"column":47},"end":{"line":55,"column":null}},"11":{"start":{"line":56,"column":2},"end":{"line":56,"column":null}},"12":{"start":{"line":57,"column":2},"end":{"line":57,"column":null}},"13":{"start":{"line":59,"column":24},"end":{"line":59,"column":73}},"14":{"start":{"line":60,"column":19},"end":{"line":60,"column":null}},"15":{"start":{"line":61,"column":24},"end":{"line":63,"column":null}},"16":{"start":{"line":64,"column":19},"end":{"line":65,"column":33}},"17":{"start":{"line":67,"column":16},"end":{"line":67,"column":52}},"18":{"start":{"line":68,"column":2},"end":{"line":69,"column":null}},"19":{"start":{"line":69,"column":4},"end":{"line":69,"column":null}},"20":{"start":{"line":72,"column":15},"end":{"line":72,"column":null}},"21":{"start":{"line":73,"column":17},"end":{"line":73,"column":32}},"22":{"start":{"line":75,"column":42},"end":{"line":96,"column":null}},"23":{"start":{"line":98,"column":15},"end":{"line":98,"column":null}},"24":{"start":{"line":99,"column":2},"end":{"line":99,"column":null}},"25":{"start":{"line":103,"column":18},"end":{"line":103,"column":29}},"26":{"start":{"line":104,"column":2},"end":{"line":104,"column":null}},"27":{"start":{"line":104,"column":16},"end":{"line":104,"column":null}},"28":{"start":{"line":107,"column":2},"end":{"line":108,"column":null}},"29":{"start":{"line":108,"column":4},"end":{"line":108,"column":null}},"30":{"start":{"line":112,"column":2},"end":{"line":112,"column":null}},"31":{"start":{"line":112,"column":36},"end":{"line":112,"column":null}},"32":{"start":{"line":113,"column":2},"end":{"line":113,"column":null}},"33":{"start":{"line":113,"column":81},"end":{"line":113,"column":null}},"34":{"start":{"line":114,"column":2},"end":{"line":115,"column":null}},"35":{"start":{"line":115,"column":4},"end":{"line":115,"column":null}},"36":{"start":{"line":119,"column":2},"end":{"line":120,"column":null}},"37":{"start":{"line":120,"column":4},"end":{"line":120,"column":null}},"38":{"start":{"line":124,"column":2},"end":{"line":144,"column":null}},"39":{"start":{"line":125,"column":4},"end":{"line":126,"column":null}},"40":{"start":{"line":126,"column":6},"end":{"line":126,"column":null}},"41":{"start":{"line":129,"column":21},"end":{"line":129,"column":43}},"42":{"start":{"line":130,"column":4},"end":{"line":139,"column":null}},"43":{"start":{"line":131,"column":17},"end":{"line":131,"column":37}},"44":{"start":{"line":132,"column":25},"end":{"line":134,"column":null}},"45":{"start":{"line":136,"column":6},"end":{"line":139,"column":null}},"46":{"start":{"line":143,"column":21},"end":{"line":143,"column":156}},"47":{"start":{"line":144,"column":4},"end":{"line":144,"column":null}},"48":{"start":{"line":148,"column":2},"end":{"line":149,"column":null}},"49":{"start":{"line":149,"column":4},"end":{"line":149,"column":null}},"50":{"start":{"line":153,"column":2},"end":{"line":154,"column":null}},"51":{"start":{"line":154,"column":4},"end":{"line":154,"column":null}},"52":{"start":{"line":158,"column":2},"end":{"line":158,"column":null}}},"fnMap":{"0":{"name":"syntheticToolUseId","decl":{"start":{"line":22,"column":9},"end":{"line":22,"column":38}},"loc":{"start":{"line":22,"column":38},"end":{"line":23,"column":null}},"line":22},"1":{"name":"stripKaomoji","decl":{"start":{"line":26,"column":9},"end":{"line":26,"column":22}},"loc":{"start":{"line":26,"column":44},"end":{"line":27,"column":null}},"line":26},"2":{"name":"isThinkingLine","decl":{"start":{"line":30,"column":9},"end":{"line":30,"column":24}},"loc":{"start":{"line":30,"column":47},"end":{"line":35,"column":null}},"line":30},"3":{"name":"isAssistantLine","decl":{"start":{"line":39,"column":9},"end":{"line":39,"column":25}},"loc":{"start":{"line":39,"column":48},"end":{"line":40,"column":null}},"line":39},"4":{"name":"extractAssistantText","decl":{"start":{"line":43,"column":9},"end":{"line":43,"column":30}},"loc":{"start":{"line":43,"column":52},"end":{"line":44,"column":null}},"line":43},"5":{"name":"parseToolLine","decl":{"start":{"line":51,"column":9},"end":{"line":51,"column":null}},"loc":{"start":{"line":53,"column":80},"end":{"line":99,"column":null}},"line":53},"6":{"name":"parseStdoutLine","decl":{"start":{"line":102,"column":16},"end":{"line":102,"column":32}},"loc":{"start":{"line":102,"column":77},"end":{"line":158,"column":null}},"line":102}},"branchMap":{"0":{"loc":{"start":{"line":32,"column":4},"end":{"line":35,"column":32}},"type":"binary-expr","locations":[{"start":{"line":32,"column":4},"end":{"line":32,"column":33}},{"start":{"line":33,"column":4},"end":{"line":33,"column":33}},{"start":{"line":34,"column":4},"end":{"line":34,"column":34}},{"start":{"line":35,"column":4},"end":{"line":35,"column":32}}],"line":32},"1":{"loc":{"start":{"line":55,"column":2},"end":{"line":55,"column":null}},"type":"if","locations":[{"start":{"line":55,"column":2},"end":{"line":55,"column":null}},{"start":{},"end":{}}],"line":55},"2":{"loc":{"start":{"line":60,"column":19},"end":{"line":60,"column":null}},"type":"cond-expr","locations":[{"start":{"line":60,"column":35},"end":{"line":60,"column":54}},{"start":{"line":60,"column":54},"end":{"line":60,"column":null}}],"line":60},"3":{"loc":{"start":{"line":61,"column":24},"end":{"line":63,"column":null}},"type":"cond-expr","locations":[{"start":{"line":62,"column":6},"end":{"line":62,"column":68}},{"start":{"line":63,"column":6},"end":{"line":63,"column":null}}],"line":61},"4":{"loc":{"start":{"line":64,"column":19},"end":{"line":65,"column":33}},"type":"binary-expr","locations":[{"start":{"line":64,"column":19},"end":{"line":64,"column":68}},{"start":{"line":65,"column":4},"end":{"line":65,"column":33}}],"line":64},"5":{"loc":{"start":{"line":68,"column":2},"end":{"line":69,"column":null}},"type":"if","locations":[{"start":{"line":68,"column":2},"end":{"line":69,"column":null}},{"start":{},"end":{}}],"line":68},"6":{"loc":{"start":{"line":98,"column":15},"end":{"line":98,"column":null}},"type":"binary-expr","locations":[{"start":{"line":98,"column":15},"end":{"line":98,"column":46}},{"start":{"line":98,"column":46},"end":{"line":98,"column":null}}],"line":98},"7":{"loc":{"start":{"line":104,"column":2},"end":{"line":104,"column":null}},"type":"if","locations":[{"start":{"line":104,"column":2},"end":{"line":104,"column":null}},{"start":{},"end":{}}],"line":104},"8":{"loc":{"start":{"line":107,"column":2},"end":{"line":108,"column":null}},"type":"if","locations":[{"start":{"line":107,"column":2},"end":{"line":108,"column":null}},{"start":{},"end":{}}],"line":107},"9":{"loc":{"start":{"line":107,"column":6},"end":{"line":107,"column":73}},"type":"binary-expr","locations":[{"start":{"line":107,"column":6},"end":{"line":107,"column":36}},{"start":{"line":107,"column":40},"end":{"line":107,"column":73}}],"line":107},"10":{"loc":{"start":{"line":112,"column":2},"end":{"line":112,"column":null}},"type":"if","locations":[{"start":{"line":112,"column":2},"end":{"line":112,"column":null}},{"start":{},"end":{}}],"line":112},"11":{"loc":{"start":{"line":113,"column":2},"end":{"line":113,"column":null}},"type":"if","locations":[{"start":{"line":113,"column":2},"end":{"line":113,"column":null}},{"start":{},"end":{}}],"line":113},"12":{"loc":{"start":{"line":114,"column":2},"end":{"line":115,"column":null}},"type":"if","locations":[{"start":{"line":114,"column":2},"end":{"line":115,"column":null}},{"start":{},"end":{}}],"line":114},"13":{"loc":{"start":{"line":119,"column":2},"end":{"line":120,"column":null}},"type":"if","locations":[{"start":{"line":119,"column":2},"end":{"line":120,"column":null}},{"start":{},"end":{}}],"line":119},"14":{"loc":{"start":{"line":124,"column":2},"end":{"line":144,"column":null}},"type":"if","locations":[{"start":{"line":124,"column":2},"end":{"line":144,"column":null}},{"start":{},"end":{}}],"line":124},"15":{"loc":{"start":{"line":125,"column":4},"end":{"line":126,"column":null}},"type":"if","locations":[{"start":{"line":125,"column":4},"end":{"line":126,"column":null}},{"start":{},"end":{}}],"line":125},"16":{"loc":{"start":{"line":130,"column":4},"end":{"line":139,"column":null}},"type":"if","locations":[{"start":{"line":130,"column":4},"end":{"line":139,"column":null}},{"start":{},"end":{}}],"line":130},"17":{"loc":{"start":{"line":132,"column":25},"end":{"line":134,"column":null}},"type":"cond-expr","locations":[{"start":{"line":133,"column":10},"end":{"line":133,"column":null}},{"start":{"line":134,"column":10},"end":{"line":134,"column":null}}],"line":132},"18":{"loc":{"start":{"line":148,"column":2},"end":{"line":149,"column":null}},"type":"if","locations":[{"start":{"line":148,"column":2},"end":{"line":149,"column":null}},{"start":{},"end":{}}],"line":148},"19":{"loc":{"start":{"line":153,"column":2},"end":{"line":154,"column":null}},"type":"if","locations":[{"start":{"line":153,"column":2},"end":{"line":154,"column":null}},{"start":{},"end":{}}],"line":153},"20":{"loc":{"start":{"line":153,"column":6},"end":{"line":153,"column":101}},"type":"binary-expr","locations":[{"start":{"line":153,"column":6},"end":{"line":153,"column":34}},{"start":{"line":153,"column":38},"end":{"line":153,"column":66}},{"start":{"line":153,"column":70},"end":{"line":153,"column":101}}],"line":153}},"s":{"0":1,"1":1,"2":1,"3":1,"4":1,"5":3,"6":2,"7":1,"8":1,"9":1,"10":0,"11":1,"12":1,"13":1,"14":1,"15":1,"16":1,"17":1,"18":1,"19":0,"20":1,"21":1,"22":1,"23":1,"24":1,"25":12,"26":12,"27":2,"28":10,"29":1,"30":9,"31":1,"32":8,"33":1,"34":7,"35":1,"36":6,"37":1,"38":5,"39":2,"40":1,"41":1,"42":1,"43":1,"44":1,"45":1,"46":0,"47":0,"48":3,"49":1,"50":2,"51":1,"52":1},"f":{"0":1,"1":1,"2":3,"3":2,"4":1,"5":1,"6":12},"b":{"0":[3,2,2,2],"1":[0,1],"2":[1,0],"3":[1,0],"4":[1,1],"5":[0,1],"6":[1,1],"7":[2,10],"8":[1,9],"9":[10,9],"10":[1,8],"11":[1,7],"12":[1,6],"13":[1,5],"14":[2,3],"15":[1,1],"16":[1,0],"17":[1,0],"18":[1,2],"19":[1,1],"20":[2,1,1]},"meta":{"lastBranch":21,"lastFunction":7,"lastStatement":53,"seen":{"s:17:27:17:Infinity":0,"s:18:23:18:Infinity":1,"s:20:22:20:Infinity":2,"f:22:9:22:38":0,"s:23:2:23:Infinity":3,"f:26:9:26:22":1,"s:27:2:27:Infinity":4,"f:30:9:30:24":2,"s:31:2:35:Infinity":5,"b:32:4:32:33:33:4:33:33:34:4:34:34:35:4:35:32":0,"f:39:9:39:25":3,"s:40:2:40:Infinity":6,"f:43:9:43:30":4,"s:44:2:44:Infinity":7,"f:51:9:51:Infinity":5,"s:54:16:54:55":8,"b:55:2:55:Infinity:undefined:undefined:undefined:undefined":1,"s:55:2:55:Infinity":9,"s:55:47:55:Infinity":10,"s:56:2:56:Infinity":11,"s:57:2:57:Infinity":12,"s:59:24:59:73":13,"s:60:19:60:Infinity":14,"b:60:35:60:54:60:54:60:Infinity":2,"s:61:24:63:Infinity":15,"b:62:6:62:68:63:6:63:Infinity":3,"s:64:19:65:33":16,"b:64:19:64:68:65:4:65:33":4,"s:67:16:67:52":17,"b:68:2:69:Infinity:undefined:undefined:undefined:undefined":5,"s:68:2:69:Infinity":18,"s:69:4:69:Infinity":19,"s:72:15:72:Infinity":20,"s:73:17:73:32":21,"s:75:42:96:Infinity":22,"s:98:15:98:Infinity":23,"b:98:15:98:46:98:46:98:Infinity":6,"s:99:2:99:Infinity":24,"f:102:16:102:32":6,"s:103:18:103:29":25,"b:104:2:104:Infinity:undefined:undefined:undefined:undefined":7,"s:104:2:104:Infinity":26,"s:104:16:104:Infinity":27,"b:107:2:108:Infinity:undefined:undefined:undefined:undefined":8,"s:107:2:108:Infinity":28,"b:107:6:107:36:107:40:107:73":9,"s:108:4:108:Infinity":29,"b:112:2:112:Infinity:undefined:undefined:undefined:undefined":10,"s:112:2:112:Infinity":30,"s:112:36:112:Infinity":31,"b:113:2:113:Infinity:undefined:undefined:undefined:undefined":11,"s:113:2:113:Infinity":32,"s:113:81:113:Infinity":33,"b:114:2:115:Infinity:undefined:undefined:undefined:undefined":12,"s:114:2:115:Infinity":34,"s:115:4:115:Infinity":35,"b:119:2:120:Infinity:undefined:undefined:undefined:undefined":13,"s:119:2:120:Infinity":36,"s:120:4:120:Infinity":37,"b:124:2:144:Infinity:undefined:undefined:undefined:undefined":14,"s:124:2:144:Infinity":38,"b:125:4:126:Infinity:undefined:undefined:undefined:undefined":15,"s:125:4:126:Infinity":39,"s:126:6:126:Infinity":40,"s:129:21:129:43":41,"b:130:4:139:Infinity:undefined:undefined:undefined:undefined":16,"s:130:4:139:Infinity":42,"s:131:17:131:37":43,"s:132:25:134:Infinity":44,"b:133:10:133:Infinity:134:10:134:Infinity":17,"s:136:6:139:Infinity":45,"s:143:21:143:156":46,"s:144:4:144:Infinity":47,"b:148:2:149:Infinity:undefined:undefined:undefined:undefined":18,"s:148:2:149:Infinity":48,"s:149:4:149:Infinity":49,"b:153:2:154:Infinity:undefined:undefined:undefined:undefined":19,"s:153:2:154:Infinity":50,"b:153:6:153:34:153:38:153:66:153:70:153:101":20,"s:154:4:154:Infinity":51,"s:158:2:158:Infinity":52}}}
,"/Users/Repositories/farhoodliquor/paperclip-adapter-hermes-k8s/src/cli/format-event.ts": {"path":"/Users/Repositories/farhoodliquor/paperclip-adapter-hermes-k8s/src/cli/format-event.ts","statementMap":{"0":{"start":{"line":7,"column":27},"end":{"line":7,"column":null}},"1":{"start":{"line":8,"column":23},"end":{"line":8,"column":null}},"2":{"start":{"line":11,"column":2},"end":{"line":15,"column":null}},"3":{"start":{"line":20,"column":2},"end":{"line":20,"column":null}},"4":{"start":{"line":24,"column":2},"end":{"line":24,"column":null}},"5":{"start":{"line":28,"column":2},"end":{"line":28,"column":null}},"6":{"start":{"line":32,"column":2},"end":{"line":32,"column":null}},"7":{"start":{"line":43,"column":18},"end":{"line":43,"column":29}},"8":{"start":{"line":44,"column":2},"end":{"line":44,"column":null}},"9":{"start":{"line":44,"column":16},"end":{"line":44,"column":null}},"10":{"start":{"line":46,"column":2},"end":{"line":47,"column":null}},"11":{"start":{"line":47,"column":4},"end":{"line":47,"column":null}},"12":{"start":{"line":51,"column":2},"end":{"line":52,"column":null}},"13":{"start":{"line":52,"column":4},"end":{"line":52,"column":null}},"14":{"start":{"line":56,"column":2},"end":{"line":57,"column":null}},"15":{"start":{"line":57,"column":4},"end":{"line":57,"column":null}},"16":{"start":{"line":61,"column":2},"end":{"line":62,"column":null}},"17":{"start":{"line":62,"column":4},"end":{"line":62,"column":null}},"18":{"start":{"line":66,"column":2},"end":{"line":67,"column":null}},"19":{"start":{"line":67,"column":4},"end":{"line":67,"column":null}},"20":{"start":{"line":71,"column":2},"end":{"line":72,"column":null}},"21":{"start":{"line":72,"column":4},"end":{"line":72,"column":null}},"22":{"start":{"line":76,"column":2},"end":{"line":77,"column":null}},"23":{"start":{"line":77,"column":4},"end":{"line":77,"column":null}},"24":{"start":{"line":80,"column":2},"end":{"line":80,"column":null}}},"fnMap":{"0":{"name":"isThinkingLine","decl":{"start":{"line":10,"column":9},"end":{"line":10,"column":24}},"loc":{"start":{"line":10,"column":47},"end":{"line":15,"column":null}},"line":10},"1":{"name":"isAssistantLine","decl":{"start":{"line":19,"column":9},"end":{"line":19,"column":25}},"loc":{"start":{"line":19,"column":48},"end":{"line":20,"column":null}},"line":19},"2":{"name":"isToolLine","decl":{"start":{"line":23,"column":9},"end":{"line":23,"column":20}},"loc":{"start":{"line":23,"column":43},"end":{"line":24,"column":null}},"line":23},"3":{"name":"isSystemLine","decl":{"start":{"line":27,"column":9},"end":{"line":27,"column":22}},"loc":{"start":{"line":27,"column":45},"end":{"line":28,"column":null}},"line":27},"4":{"name":"isErrorLine","decl":{"start":{"line":31,"column":9},"end":{"line":31,"column":21}},"loc":{"start":{"line":31,"column":44},"end":{"line":32,"column":null}},"line":31},"5":{"name":"formatEvent","decl":{"start":{"line":42,"column":16},"end":{"line":42,"column":28}},"loc":{"start":{"line":42,"column":66},"end":{"line":80,"column":null}},"line":42}},"branchMap":{"0":{"loc":{"start":{"line":12,"column":4},"end":{"line":15,"column":32}},"type":"binary-expr","locations":[{"start":{"line":12,"column":4},"end":{"line":12,"column":33}},{"start":{"line":13,"column":4},"end":{"line":13,"column":33}},{"start":{"line":14,"column":4},"end":{"line":14,"column":34}},{"start":{"line":15,"column":4},"end":{"line":15,"column":32}}],"line":12},"1":{"loc":{"start":{"line":24,"column":9},"end":{"line":24,"column":68}},"type":"binary-expr","locations":[{"start":{"line":24,"column":9},"end":{"line":24,"column":42}},{"start":{"line":24,"column":46},"end":{"line":24,"column":68}}],"line":24},"2":{"loc":{"start":{"line":28,"column":9},"end":{"line":28,"column":70}},"type":"binary-expr","locations":[{"start":{"line":28,"column":9},"end":{"line":28,"column":36}},{"start":{"line":28,"column":40},"end":{"line":28,"column":70}}],"line":28},"3":{"loc":{"start":{"line":32,"column":9},"end":{"line":32,"column":95}},"type":"binary-expr","locations":[{"start":{"line":32,"column":9},"end":{"line":32,"column":34}},{"start":{"line":32,"column":38},"end":{"line":32,"column":63}},{"start":{"line":32,"column":67},"end":{"line":32,"column":95}}],"line":32},"4":{"loc":{"start":{"line":44,"column":2},"end":{"line":44,"column":null}},"type":"if","locations":[{"start":{"line":44,"column":2},"end":{"line":44,"column":null}},{"start":{},"end":{}}],"line":44},"5":{"loc":{"start":{"line":46,"column":2},"end":{"line":47,"column":null}},"type":"if","locations":[{"start":{"line":46,"column":2},"end":{"line":47,"column":null}},{"start":{},"end":{}}],"line":46},"6":{"loc":{"start":{"line":51,"column":2},"end":{"line":52,"column":null}},"type":"if","locations":[{"start":{"line":51,"column":2},"end":{"line":52,"column":null}},{"start":{},"end":{}}],"line":51},"7":{"loc":{"start":{"line":56,"column":2},"end":{"line":57,"column":null}},"type":"if","locations":[{"start":{"line":56,"column":2},"end":{"line":57,"column":null}},{"start":{},"end":{}}],"line":56},"8":{"loc":{"start":{"line":61,"column":2},"end":{"line":62,"column":null}},"type":"if","locations":[{"start":{"line":61,"column":2},"end":{"line":62,"column":null}},{"start":{},"end":{}}],"line":61},"9":{"loc":{"start":{"line":66,"column":2},"end":{"line":67,"column":null}},"type":"if","locations":[{"start":{"line":66,"column":2},"end":{"line":67,"column":null}},{"start":{},"end":{}}],"line":66},"10":{"loc":{"start":{"line":71,"column":2},"end":{"line":72,"column":null}},"type":"if","locations":[{"start":{"line":71,"column":2},"end":{"line":72,"column":null}},{"start":{},"end":{}}],"line":71},"11":{"loc":{"start":{"line":76,"column":2},"end":{"line":77,"column":null}},"type":"if","locations":[{"start":{"line":76,"column":2},"end":{"line":77,"column":null}},{"start":{},"end":{}}],"line":76},"12":{"loc":{"start":{"line":76,"column":6},"end":{"line":76,"column":67}},"type":"binary-expr","locations":[{"start":{"line":76,"column":6},"end":{"line":76,"column":30}},{"start":{"line":76,"column":34},"end":{"line":76,"column":67}}],"line":76}},"s":{"0":2,"1":2,"2":5,"3":6,"4":6,"5":7,"6":3,"7":13,"8":13,"9":2,"10":11,"11":4,"12":7,"13":1,"14":6,"15":1,"16":5,"17":1,"18":4,"19":1,"20":3,"21":1,"22":2,"23":1,"24":1},"f":{"0":5,"1":6,"2":6,"3":7,"4":3,"5":13},"b":{"0":[5,4,4,4],"1":[6,2],"2":[7,6],"3":[3,2,2],"4":[2,11],"5":[4,7],"6":[1,6],"7":[1,5],"8":[1,4],"9":[1,3],"10":[1,2],"11":[1,1],"12":[2,1]},"meta":{"lastBranch":13,"lastFunction":6,"lastStatement":25,"seen":{"s:7:27:7:Infinity":0,"s:8:23:8:Infinity":1,"f:10:9:10:24":0,"s:11:2:15:Infinity":2,"b:12:4:12:33:13:4:13:33:14:4:14:34:15:4:15:32":0,"f:19:9:19:25":1,"s:20:2:20:Infinity":3,"f:23:9:23:20":2,"s:24:2:24:Infinity":4,"b:24:9:24:42:24:46:24:68":1,"f:27:9:27:22":3,"s:28:2:28:Infinity":5,"b:28:9:28:36:28:40:28:70":2,"f:31:9:31:21":4,"s:32:2:32:Infinity":6,"b:32:9:32:34:32:38:32:63:32:67:32:95":3,"f:42:16:42:28":5,"s:43:18:43:29":7,"b:44:2:44:Infinity:undefined:undefined:undefined:undefined":4,"s:44:2:44:Infinity":8,"s:44:16:44:Infinity":9,"b:46:2:47:Infinity:undefined:undefined:undefined:undefined":5,"s:46:2:47:Infinity":10,"s:47:4:47:Infinity":11,"b:51:2:52:Infinity:undefined:undefined:undefined:undefined":6,"s:51:2:52:Infinity":12,"s:52:4:52:Infinity":13,"b:56:2:57:Infinity:undefined:undefined:undefined:undefined":7,"s:56:2:57:Infinity":14,"s:57:4:57:Infinity":15,"b:61:2:62:Infinity:undefined:undefined:undefined:undefined":8,"s:61:2:62:Infinity":16,"s:62:4:62:Infinity":17,"b:66:2:67:Infinity:undefined:undefined:undefined:undefined":9,"s:66:2:67:Infinity":18,"s:67:4:67:Infinity":19,"b:71:2:72:Infinity:undefined:undefined:undefined:undefined":10,"s:71:2:72:Infinity":20,"s:72:4:72:Infinity":21,"b:76:2:77:Infinity:undefined:undefined:undefined:undefined":11,"s:76:2:77:Infinity":22,"b:76:6:76:30:76:34:76:67":12,"s:77:4:77:Infinity":23,"s:80:2:80:Infinity":24}}}
,"/Users/Repositories/farhoodliquor/paperclip-adapter-hermes-k8s/src/cli/index.ts": {"path":"/Users/Repositories/farhoodliquor/paperclip-adapter-hermes-k8s/src/cli/index.ts","statementMap":{},"fnMap":{},"branchMap":{},"s":{},"f":{},"b":{},"meta":{"lastBranch":0,"lastFunction":0,"lastStatement":0,"seen":{}}}
,"/Users/Repositories/farhoodliquor/paperclip-adapter-hermes-k8s/src/server/index.ts": {"path":"/Users/Repositories/farhoodliquor/paperclip-adapter-hermes-k8s/src/server/index.ts","statementMap":{"0":{"start":{"line":8,"column":2},"end":{"line":16,"column":null}}},"fnMap":{"0":{"name":"createServerAdapter","decl":{"start":{"line":7,"column":16},"end":{"line":7,"column":59}},"loc":{"start":{"line":7,"column":59},"end":{"line":16,"column":null}},"line":7}},"branchMap":{},"s":{"0":0},"f":{"0":0},"b":{},"meta":{"lastBranch":0,"lastFunction":1,"lastStatement":1,"seen":{"f:7:16:7:59":0,"s:8:2:16:Infinity":0}}}
,"/Users/Repositories/farhoodliquor/paperclip-adapter-hermes-k8s/src/server/parse.ts": {"path":"/Users/Repositories/farhoodliquor/paperclip-adapter-hermes-k8s/src/server/parse.ts","statementMap":{"0":{"start":{"line":12,"column":27},"end":{"line":12,"column":null}},"1":{"start":{"line":13,"column":23},"end":{"line":13,"column":null}},"2":{"start":{"line":14,"column":25},"end":{"line":14,"column":null}},"3":{"start":{"line":17,"column":2},"end":{"line":21,"column":null}},"4":{"start":{"line":26,"column":2},"end":{"line":26,"column":null}},"5":{"start":{"line":30,"column":2},"end":{"line":30,"column":null}},"6":{"start":{"line":34,"column":2},"end":{"line":34,"column":null}},"7":{"start":{"line":38,"column":2},"end":{"line":38,"column":null}},"8":{"start":{"line":46,"column":19},"end":{"line":49,"column":11}},"9":{"start":{"line":51,"column":18},"end":{"line":51,"column":71}},"10":{"start":{"line":53,"column":2},"end":{"line":53,"column":null}},"11":{"start":{"line":57,"column":2},"end":{"line":57,"column":null}},"12":{"start":{"line":61,"column":2},"end":{"line":61,"column":null}},"13":{"start":{"line":74,"column":33},"end":{"line":74,"column":null}},"14":{"start":{"line":75,"column":29},"end":{"line":75,"column":31}},"15":{"start":{"line":76,"column":27},"end":{"line":76,"column":29}},"16":{"start":{"line":78,"column":2},"end":{"line":120,"column":null}},"17":{"start":{"line":79,"column":17},"end":{"line":79,"column":31}},"18":{"start":{"line":80,"column":4},"end":{"line":80,"column":null}},"19":{"start":{"line":80,"column":15},"end":{"line":80,"column":null}},"20":{"start":{"line":83,"column":25},"end":{"line":83,"column":52}},"21":{"start":{"line":84,"column":4},"end":{"line":85,"column":null}},"22":{"start":{"line":85,"column":6},"end":{"line":85,"column":null}},"23":{"start":{"line":89,"column":4},"end":{"line":89,"column":null}},"24":{"start":{"line":89,"column":35},"end":{"line":89,"column":null}},"25":{"start":{"line":90,"column":4},"end":{"line":90,"column":null}},"26":{"start":{"line":90,"column":80},"end":{"line":90,"column":null}},"27":{"start":{"line":91,"column":4},"end":{"line":91,"column":null}},"28":{"start":{"line":91,"column":44},"end":{"line":91,"column":null}},"29":{"start":{"line":94,"column":4},"end":{"line":94,"column":null}},"30":{"start":{"line":94,"column":28},"end":{"line":94,"column":null}},"31":{"start":{"line":97,"column":4},"end":{"line":99,"column":null}},"32":{"start":{"line":98,"column":6},"end":{"line":98,"column":null}},"33":{"start":{"line":99,"column":6},"end":{"line":99,"column":null}},"34":{"start":{"line":103,"column":4},"end":{"line":103,"column":null}},"35":{"start":{"line":103,"column":30},"end":{"line":103,"column":null}},"36":{"start":{"line":106,"column":4},"end":{"line":109,"column":null}},"37":{"start":{"line":107,"column":21},"end":{"line":107,"column":40}},"38":{"start":{"line":108,"column":6},"end":{"line":108,"column":null}},"39":{"start":{"line":108,"column":18},"end":{"line":108,"column":null}},"40":{"start":{"line":109,"column":6},"end":{"line":109,"column":null}},"41":{"start":{"line":113,"column":4},"end":{"line":116,"column":null}},"42":{"start":{"line":114,"column":19},"end":{"line":114,"column":45}},"43":{"start":{"line":115,"column":6},"end":{"line":115,"column":null}},"44":{"start":{"line":115,"column":16},"end":{"line":115,"column":null}},"45":{"start":{"line":116,"column":6},"end":{"line":116,"column":null}},"46":{"start":{"line":120,"column":4},"end":{"line":120,"column":null}},"47":{"start":{"line":120,"column":14},"end":{"line":120,"column":null}},"48":{"start":{"line":123,"column":2},"end":{"line":127,"column":null}},"49":{"start":{"line":134,"column":19},"end":{"line":138,"column":15}},"50":{"start":{"line":136,"column":16},"end":{"line":136,"column":24}},"51":{"start":{"line":140,"column":2},"end":{"line":140,"column":null}}},"fnMap":{"0":{"name":"isThinkingLine","decl":{"start":{"line":16,"column":9},"end":{"line":16,"column":24}},"loc":{"start":{"line":16,"column":47},"end":{"line":21,"column":null}},"line":16},"1":{"name":"extractThinkingText","decl":{"start":{"line":25,"column":9},"end":{"line":25,"column":29}},"loc":{"start":{"line":25,"column":51},"end":{"line":26,"column":null}},"line":25},"2":{"name":"isAssistantLine","decl":{"start":{"line":29,"column":9},"end":{"line":29,"column":25}},"loc":{"start":{"line":29,"column":48},"end":{"line":30,"column":null}},"line":29},"3":{"name":"extractAssistantText","decl":{"start":{"line":33,"column":9},"end":{"line":33,"column":30}},"loc":{"start":{"line":33,"column":52},"end":{"line":34,"column":null}},"line":33},"4":{"name":"isToolCompletionLine","decl":{"start":{"line":37,"column":9},"end":{"line":37,"column":30}},"loc":{"start":{"line":37,"column":53},"end":{"line":38,"column":null}},"line":37},"5":{"name":"parseToolLine","decl":{"start":{"line":45,"column":9},"end":{"line":45,"column":23}},"loc":{"start":{"line":45,"column":45},"end":{"line":53,"column":null}},"line":45},"6":{"name":"isSystemLine","decl":{"start":{"line":56,"column":9},"end":{"line":56,"column":22}},"loc":{"start":{"line":56,"column":45},"end":{"line":57,"column":null}},"line":56},"7":{"name":"isErrorLine","decl":{"start":{"line":60,"column":9},"end":{"line":60,"column":21}},"loc":{"start":{"line":60,"column":44},"end":{"line":61,"column":null}},"line":60},"8":{"name":"parseHermesText","decl":{"start":{"line":73,"column":16},"end":{"line":73,"column":32}},"loc":{"start":{"line":73,"column":68},"end":{"line":127,"column":null}},"line":73},"9":{"name":"isHermesUnknownSessionError","decl":{"start":{"line":133,"column":16},"end":{"line":133,"column":44}},"loc":{"start":{"line":133,"column":69},"end":{"line":140,"column":null}},"line":133},"10":{"name":"(anonymous_10)","decl":{"start":{"line":136,"column":5},"end":{"line":136,"column":10}},"loc":{"start":{"line":136,"column":16},"end":{"line":136,"column":24}},"line":136}},"branchMap":{"0":{"loc":{"start":{"line":18,"column":4},"end":{"line":21,"column":32}},"type":"binary-expr","locations":[{"start":{"line":18,"column":4},"end":{"line":18,"column":33}},{"start":{"line":19,"column":4},"end":{"line":19,"column":33}},{"start":{"line":20,"column":4},"end":{"line":20,"column":34}},{"start":{"line":21,"column":4},"end":{"line":21,"column":32}}],"line":18},"1":{"loc":{"start":{"line":57,"column":9},"end":{"line":57,"column":104}},"type":"binary-expr","locations":[{"start":{"line":57,"column":9},"end":{"line":57,"column":36}},{"start":{"line":57,"column":40},"end":{"line":57,"column":70}},{"start":{"line":57,"column":74},"end":{"line":57,"column":104}}],"line":57},"2":{"loc":{"start":{"line":61,"column":9},"end":{"line":61,"column":95}},"type":"binary-expr","locations":[{"start":{"line":61,"column":9},"end":{"line":61,"column":34}},{"start":{"line":61,"column":38},"end":{"line":61,"column":63}},{"start":{"line":61,"column":67},"end":{"line":61,"column":95}}],"line":61},"3":{"loc":{"start":{"line":80,"column":4},"end":{"line":80,"column":null}},"type":"if","locations":[{"start":{"line":80,"column":4},"end":{"line":80,"column":null}},{"start":{},"end":{}}],"line":80},"4":{"loc":{"start":{"line":84,"column":4},"end":{"line":85,"column":null}},"type":"if","locations":[{"start":{"line":84,"column":4},"end":{"line":85,"column":null}},{"start":{},"end":{}}],"line":84},"5":{"loc":{"start":{"line":89,"column":4},"end":{"line":89,"column":null}},"type":"if","locations":[{"start":{"line":89,"column":4},"end":{"line":89,"column":null}},{"start":{},"end":{}}],"line":89},"6":{"loc":{"start":{"line":90,"column":4},"end":{"line":90,"column":null}},"type":"if","locations":[{"start":{"line":90,"column":4},"end":{"line":90,"column":null}},{"start":{},"end":{}}],"line":90},"7":{"loc":{"start":{"line":91,"column":4},"end":{"line":91,"column":null}},"type":"if","locations":[{"start":{"line":91,"column":4},"end":{"line":91,"column":null}},{"start":{},"end":{}}],"line":91},"8":{"loc":{"start":{"line":94,"column":4},"end":{"line":94,"column":null}},"type":"if","locations":[{"start":{"line":94,"column":4},"end":{"line":94,"column":null}},{"start":{},"end":{}}],"line":94},"9":{"loc":{"start":{"line":97,"column":4},"end":{"line":99,"column":null}},"type":"if","locations":[{"start":{"line":97,"column":4},"end":{"line":99,"column":null}},{"start":{},"end":{}}],"line":97},"10":{"loc":{"start":{"line":103,"column":4},"end":{"line":103,"column":null}},"type":"if","locations":[{"start":{"line":103,"column":4},"end":{"line":103,"column":null}},{"start":{},"end":{}}],"line":103},"11":{"loc":{"start":{"line":106,"column":4},"end":{"line":109,"column":null}},"type":"if","locations":[{"start":{"line":106,"column":4},"end":{"line":109,"column":null}},{"start":{},"end":{}}],"line":106},"12":{"loc":{"start":{"line":106,"column":8},"end":{"line":106,"column":60}},"type":"binary-expr","locations":[{"start":{"line":106,"column":8},"end":{"line":106,"column":34}},{"start":{"line":106,"column":38},"end":{"line":106,"column":60}}],"line":106},"13":{"loc":{"start":{"line":108,"column":6},"end":{"line":108,"column":null}},"type":"if","locations":[{"start":{"line":108,"column":6},"end":{"line":108,"column":null}},{"start":{},"end":{}}],"line":108},"14":{"loc":{"start":{"line":113,"column":4},"end":{"line":116,"column":null}},"type":"if","locations":[{"start":{"line":113,"column":4},"end":{"line":116,"column":null}},{"start":{},"end":{}}],"line":113},"15":{"loc":{"start":{"line":115,"column":6},"end":{"line":115,"column":null}},"type":"if","locations":[{"start":{"line":115,"column":6},"end":{"line":115,"column":null}},{"start":{},"end":{}}],"line":115},"16":{"loc":{"start":{"line":120,"column":4},"end":{"line":120,"column":null}},"type":"if","locations":[{"start":{"line":120,"column":4},"end":{"line":120,"column":null}},{"start":{},"end":{}}],"line":120},"17":{"loc":{"start":{"line":126,"column":18},"end":{"line":126,"column":null}},"type":"cond-expr","locations":[{"start":{"line":126,"column":38},"end":{"line":126,"column":55}},{"start":{"line":126,"column":58},"end":{"line":126,"column":null}}],"line":126}},"s":{"0":2,"1":2,"2":2,"3":13,"4":0,"5":23,"6":11,"7":12,"8":1,"9":1,"10":1,"11":18,"12":14,"13":14,"14":14,"15":14,"16":14,"17":35,"18":35,"19":14,"20":21,"21":21,"22":2,"23":21,"24":1,"25":20,"26":1,"27":19,"28":1,"29":18,"30":4,"31":14,"32":1,"33":1,"34":13,"35":1,"36":12,"37":1,"38":1,"39":1,"40":1,"41":11,"42":11,"43":11,"44":11,"45":11,"46":0,"47":0,"48":14,"49":7,"50":7,"51":7},"f":{"0":13,"1":0,"2":23,"3":11,"4":12,"5":1,"6":18,"7":14,"8":14,"9":7,"10":7},"b":{"0":[13,12,12,12],"1":[18,16,16],"2":[14,13,13],"3":[14,21],"4":[2,19],"5":[1,20],"6":[1,19],"7":[1,18],"8":[4,14],"9":[1,13],"10":[1,12],"11":[1,11],"12":[12,12],"13":[1,0],"14":[11,0],"15":[11,0],"16":[0,0],"17":[1,13]},"meta":{"lastBranch":18,"lastFunction":11,"lastStatement":52,"seen":{"s:12:27:12:Infinity":0,"s:13:23:13:Infinity":1,"s:14:25:14:Infinity":2,"f:16:9:16:24":0,"s:17:2:21:Infinity":3,"b:18:4:18:33:19:4:19:33:20:4:20:34:21:4:21:32":0,"f:25:9:25:29":1,"s:26:2:26:Infinity":4,"f:29:9:29:25":2,"s:30:2:30:Infinity":5,"f:33:9:33:30":3,"s:34:2:34:Infinity":6,"f:37:9:37:30":4,"s:38:2:38:Infinity":7,"f:45:9:45:23":5,"s:46:19:49:11":8,"s:51:18:51:71":9,"s:53:2:53:Infinity":10,"f:56:9:56:22":6,"s:57:2:57:Infinity":11,"b:57:9:57:36:57:40:57:70:57:74:57:104":1,"f:60:9:60:21":7,"s:61:2:61:Infinity":12,"b:61:9:61:34:61:38:61:63:61:67:61:95":2,"f:73:16:73:32":8,"s:74:33:74:Infinity":13,"s:75:29:75:31":14,"s:76:27:76:29":15,"s:78:2:120:Infinity":16,"s:79:17:79:31":17,"b:80:4:80:Infinity:undefined:undefined:undefined:undefined":3,"s:80:4:80:Infinity":18,"s:80:15:80:Infinity":19,"s:83:25:83:52":20,"b:84:4:85:Infinity:undefined:undefined:undefined:undefined":4,"s:84:4:85:Infinity":21,"s:85:6:85:Infinity":22,"b:89:4:89:Infinity:undefined:undefined:undefined:undefined":5,"s:89:4:89:Infinity":23,"s:89:35:89:Infinity":24,"b:90:4:90:Infinity:undefined:undefined:undefined:undefined":6,"s:90:4:90:Infinity":25,"s:90:80:90:Infinity":26,"b:91:4:91:Infinity:undefined:undefined:undefined:undefined":7,"s:91:4:91:Infinity":27,"s:91:44:91:Infinity":28,"b:94:4:94:Infinity:undefined:undefined:undefined:undefined":8,"s:94:4:94:Infinity":29,"s:94:28:94:Infinity":30,"b:97:4:99:Infinity:undefined:undefined:undefined:undefined":9,"s:97:4:99:Infinity":31,"s:98:6:98:Infinity":32,"s:99:6:99:Infinity":33,"b:103:4:103:Infinity:undefined:undefined:undefined:undefined":10,"s:103:4:103:Infinity":34,"s:103:30:103:Infinity":35,"b:106:4:109:Infinity:undefined:undefined:undefined:undefined":11,"s:106:4:109:Infinity":36,"b:106:8:106:34:106:38:106:60":12,"s:107:21:107:40":37,"b:108:6:108:Infinity:undefined:undefined:undefined:undefined":13,"s:108:6:108:Infinity":38,"s:108:18:108:Infinity":39,"s:109:6:109:Infinity":40,"b:113:4:116:Infinity:undefined:undefined:undefined:undefined":14,"s:113:4:116:Infinity":41,"s:114:19:114:45":42,"b:115:6:115:Infinity:undefined:undefined:undefined:undefined":15,"s:115:6:115:Infinity":43,"s:115:16:115:Infinity":44,"s:116:6:116:Infinity":45,"b:120:4:120:Infinity:undefined:undefined:undefined:undefined":16,"s:120:4:120:Infinity":46,"s:120:14:120:Infinity":47,"s:123:2:127:Infinity":48,"b:126:38:126:55:126:58:126:Infinity":17,"f:133:16:133:44":9,"s:134:19:138:15":49,"f:136:5:136:10":10,"s:136:16:136:24":50,"s:140:2:140:Infinity":51}}}
,"/Users/Repositories/farhoodliquor/paperclip-adapter-hermes-k8s/src/server/session.ts": {"path":"/Users/Repositories/farhoodliquor/paperclip-adapter-hermes-k8s/src/server/session.ts","statementMap":{"0":{"start":{"line":4,"column":2},"end":{"line":4,"column":null}},"1":{"start":{"line":7,"column":49},"end":{"line":61,"column":null}},"2":{"start":{"line":9,"column":4},"end":{"line":9,"column":null}},"3":{"start":{"line":9,"column":71},"end":{"line":9,"column":null}},"4":{"start":{"line":10,"column":19},"end":{"line":10,"column":null}},"5":{"start":{"line":12,"column":6},"end":{"line":14,"column":42}},"6":{"start":{"line":15,"column":4},"end":{"line":15,"column":null}},"7":{"start":{"line":15,"column":20},"end":{"line":15,"column":null}},"8":{"start":{"line":17,"column":6},"end":{"line":19,"column":39}},"9":{"start":{"line":20,"column":24},"end":{"line":20,"column":105}},"10":{"start":{"line":21,"column":20},"end":{"line":21,"column":93}},"11":{"start":{"line":22,"column":20},"end":{"line":22,"column":93}},"12":{"start":{"line":23,"column":4},"end":{"line":29,"column":null}},"13":{"start":{"line":32,"column":4},"end":{"line":32,"column":null}},"14":{"start":{"line":32,"column":17},"end":{"line":32,"column":null}},"15":{"start":{"line":34,"column":6},"end":{"line":36,"column":42}},"16":{"start":{"line":37,"column":4},"end":{"line":37,"column":null}},"17":{"start":{"line":37,"column":20},"end":{"line":37,"column":null}},"18":{"start":{"line":39,"column":6},"end":{"line":41,"column":39}},"19":{"start":{"line":42,"column":24},"end":{"line":42,"column":105}},"20":{"start":{"line":43,"column":20},"end":{"line":43,"column":93}},"21":{"start":{"line":44,"column":20},"end":{"line":44,"column":93}},"22":{"start":{"line":45,"column":4},"end":{"line":51,"column":null}},"23":{"start":{"line":54,"column":4},"end":{"line":54,"column":null}},"24":{"start":{"line":54,"column":17},"end":{"line":54,"column":null}},"25":{"start":{"line":55,"column":4},"end":{"line":58,"column":null}}},"fnMap":{"0":{"name":"readNonEmptyString","decl":{"start":{"line":3,"column":9},"end":{"line":3,"column":28}},"loc":{"start":{"line":3,"column":59},"end":{"line":4,"column":null}},"line":3},"1":{"name":"(anonymous_1)","decl":{"start":{"line":8,"column":2},"end":{"line":8,"column":14}},"loc":{"start":{"line":8,"column":28},"end":{"line":29,"column":null}},"line":8},"2":{"name":"(anonymous_2)","decl":{"start":{"line":31,"column":2},"end":{"line":31,"column":12}},"loc":{"start":{"line":31,"column":52},"end":{"line":51,"column":null}},"line":31},"3":{"name":"(anonymous_3)","decl":{"start":{"line":53,"column":2},"end":{"line":53,"column":15}},"loc":{"start":{"line":53,"column":55},"end":{"line":58,"column":null}},"line":53}},"branchMap":{"0":{"loc":{"start":{"line":4,"column":9},"end":{"line":4,"column":null}},"type":"cond-expr","locations":[{"start":{"line":4,"column":64},"end":{"line":4,"column":76}},{"start":{"line":4,"column":79},"end":{"line":4,"column":null}}],"line":4},"1":{"loc":{"start":{"line":4,"column":9},"end":{"line":4,"column":64}},"type":"binary-expr","locations":[{"start":{"line":4,"column":9},"end":{"line":4,"column":38}},{"start":{"line":4,"column":38},"end":{"line":4,"column":64}}],"line":4},"2":{"loc":{"start":{"line":9,"column":4},"end":{"line":9,"column":null}},"type":"if","locations":[{"start":{"line":9,"column":4},"end":{"line":9,"column":null}},{"start":{},"end":{}}],"line":9},"3":{"loc":{"start":{"line":9,"column":8},"end":{"line":9,"column":69}},"type":"binary-expr","locations":[{"start":{"line":9,"column":8},"end":{"line":9,"column":35}},{"start":{"line":9,"column":35},"end":{"line":9,"column":51}},{"start":{"line":9,"column":51},"end":{"line":9,"column":69}}],"line":9},"4":{"loc":{"start":{"line":12,"column":6},"end":{"line":14,"column":42}},"type":"binary-expr","locations":[{"start":{"line":12,"column":6},"end":{"line":12,"column":42}},{"start":{"line":13,"column":6},"end":{"line":13,"column":43}},{"start":{"line":14,"column":6},"end":{"line":14,"column":42}}],"line":12},"5":{"loc":{"start":{"line":15,"column":4},"end":{"line":15,"column":null}},"type":"if","locations":[{"start":{"line":15,"column":4},"end":{"line":15,"column":null}},{"start":{},"end":{}}],"line":15},"6":{"loc":{"start":{"line":17,"column":6},"end":{"line":19,"column":39}},"type":"binary-expr","locations":[{"start":{"line":17,"column":6},"end":{"line":17,"column":36}},{"start":{"line":18,"column":6},"end":{"line":18,"column":40}},{"start":{"line":19,"column":6},"end":{"line":19,"column":39}}],"line":17},"7":{"loc":{"start":{"line":20,"column":24},"end":{"line":20,"column":105}},"type":"binary-expr","locations":[{"start":{"line":20,"column":24},"end":{"line":20,"column":62}},{"start":{"line":20,"column":66},"end":{"line":20,"column":105}}],"line":20},"8":{"loc":{"start":{"line":21,"column":20},"end":{"line":21,"column":93}},"type":"binary-expr","locations":[{"start":{"line":21,"column":20},"end":{"line":21,"column":54}},{"start":{"line":21,"column":58},"end":{"line":21,"column":93}}],"line":21},"9":{"loc":{"start":{"line":22,"column":20},"end":{"line":22,"column":93}},"type":"binary-expr","locations":[{"start":{"line":22,"column":20},"end":{"line":22,"column":54}},{"start":{"line":22,"column":58},"end":{"line":22,"column":93}}],"line":22},"10":{"loc":{"start":{"line":25,"column":10},"end":{"line":25,"column":28}},"type":"cond-expr","locations":[{"start":{"line":25,"column":16},"end":{"line":25,"column":23}},{"start":{"line":25,"column":26},"end":{"line":25,"column":28}}],"line":25},"11":{"loc":{"start":{"line":26,"column":10},"end":{"line":26,"column":44}},"type":"cond-expr","locations":[{"start":{"line":26,"column":24},"end":{"line":26,"column":39}},{"start":{"line":26,"column":42},"end":{"line":26,"column":44}}],"line":26},"12":{"loc":{"start":{"line":27,"column":10},"end":{"line":27,"column":36}},"type":"cond-expr","locations":[{"start":{"line":27,"column":20},"end":{"line":27,"column":31}},{"start":{"line":27,"column":34},"end":{"line":27,"column":36}}],"line":27},"13":{"loc":{"start":{"line":28,"column":10},"end":{"line":28,"column":null}},"type":"cond-expr","locations":[{"start":{"line":28,"column":20},"end":{"line":28,"column":31}},{"start":{"line":28,"column":34},"end":{"line":28,"column":null}}],"line":28},"14":{"loc":{"start":{"line":32,"column":4},"end":{"line":32,"column":null}},"type":"if","locations":[{"start":{"line":32,"column":4},"end":{"line":32,"column":null}},{"start":{},"end":{}}],"line":32},"15":{"loc":{"start":{"line":34,"column":6},"end":{"line":36,"column":42}},"type":"binary-expr","locations":[{"start":{"line":34,"column":6},"end":{"line":34,"column":42}},{"start":{"line":35,"column":6},"end":{"line":35,"column":43}},{"start":{"line":36,"column":6},"end":{"line":36,"column":42}}],"line":34},"16":{"loc":{"start":{"line":37,"column":4},"end":{"line":37,"column":null}},"type":"if","locations":[{"start":{"line":37,"column":4},"end":{"line":37,"column":null}},{"start":{},"end":{}}],"line":37},"17":{"loc":{"start":{"line":39,"column":6},"end":{"line":41,"column":39}},"type":"binary-expr","locations":[{"start":{"line":39,"column":6},"end":{"line":39,"column":36}},{"start":{"line":40,"column":6},"end":{"line":40,"column":40}},{"start":{"line":41,"column":6},"end":{"line":41,"column":39}}],"line":39},"18":{"loc":{"start":{"line":42,"column":24},"end":{"line":42,"column":105}},"type":"binary-expr","locations":[{"start":{"line":42,"column":24},"end":{"line":42,"column":62}},{"start":{"line":42,"column":66},"end":{"line":42,"column":105}}],"line":42},"19":{"loc":{"start":{"line":43,"column":20},"end":{"line":43,"column":93}},"type":"binary-expr","locations":[{"start":{"line":43,"column":20},"end":{"line":43,"column":54}},{"start":{"line":43,"column":58},"end":{"line":43,"column":93}}],"line":43},"20":{"loc":{"start":{"line":44,"column":20},"end":{"line":44,"column":93}},"type":"binary-expr","locations":[{"start":{"line":44,"column":20},"end":{"line":44,"column":54}},{"start":{"line":44,"column":58},"end":{"line":44,"column":93}}],"line":44},"21":{"loc":{"start":{"line":47,"column":10},"end":{"line":47,"column":28}},"type":"cond-expr","locations":[{"start":{"line":47,"column":16},"end":{"line":47,"column":23}},{"start":{"line":47,"column":26},"end":{"line":47,"column":28}}],"line":47},"22":{"loc":{"start":{"line":48,"column":10},"end":{"line":48,"column":44}},"type":"cond-expr","locations":[{"start":{"line":48,"column":24},"end":{"line":48,"column":39}},{"start":{"line":48,"column":42},"end":{"line":48,"column":44}}],"line":48},"23":{"loc":{"start":{"line":49,"column":10},"end":{"line":49,"column":36}},"type":"cond-expr","locations":[{"start":{"line":49,"column":20},"end":{"line":49,"column":31}},{"start":{"line":49,"column":34},"end":{"line":49,"column":36}}],"line":49},"24":{"loc":{"start":{"line":50,"column":10},"end":{"line":50,"column":null}},"type":"cond-expr","locations":[{"start":{"line":50,"column":20},"end":{"line":50,"column":31}},{"start":{"line":50,"column":34},"end":{"line":50,"column":null}}],"line":50},"25":{"loc":{"start":{"line":54,"column":4},"end":{"line":54,"column":null}},"type":"if","locations":[{"start":{"line":54,"column":4},"end":{"line":54,"column":null}},{"start":{},"end":{}}],"line":54},"26":{"loc":{"start":{"line":56,"column":6},"end":{"line":58,"column":42}},"type":"binary-expr","locations":[{"start":{"line":56,"column":6},"end":{"line":56,"column":42}},{"start":{"line":57,"column":6},"end":{"line":57,"column":43}},{"start":{"line":58,"column":6},"end":{"line":58,"column":42}}],"line":56}},"s":{"0":164,"1":2,"2":17,"3":3,"4":14,"5":14,"6":17,"7":1,"8":13,"9":17,"10":17,"11":17,"12":17,"13":5,"14":1,"15":4,"16":5,"17":1,"18":3,"19":5,"20":5,"21":5,"22":5,"23":4,"24":1,"25":3},"f":{"0":164,"1":17,"2":5,"3":4},"b":{"0":[28,136],"1":[164,30],"2":[3,14],"3":[17,16,15],"4":[14,4,2],"5":[1,16],"6":[13,12,11],"7":[17,12],"8":[17,12],"9":[17,12],"10":[3,10],"11":[1,12],"12":[1,12],"13":[1,12],"14":[1,4],"15":[4,1,1],"16":[1,4],"17":[3,2,2],"18":[5,2],"19":[5,2],"20":[5,2],"21":[1,2],"22":[1,2],"23":[1,2],"24":[1,2],"25":[1,3],"26":[3,1,1]},"meta":{"lastBranch":27,"lastFunction":4,"lastStatement":26,"seen":{"f:3:9:3:28":0,"s:4:2:4:Infinity":0,"b:4:64:4:76:4:79:4:Infinity":0,"b:4:9:4:38:4:38:4:64":1,"s:7:49:61:Infinity":1,"f:8:2:8:14":1,"b:9:4:9:Infinity:undefined:undefined:undefined:undefined":2,"s:9:4:9:Infinity":2,"b:9:8:9:35:9:35:9:51:9:51:9:69":3,"s:9:71:9:Infinity":3,"s:10:19:10:Infinity":4,"s:12:6:14:42":5,"b:12:6:12:42:13:6:13:43:14:6:14:42":4,"b:15:4:15:Infinity:undefined:undefined:undefined:undefined":5,"s:15:4:15:Infinity":6,"s:15:20:15:Infinity":7,"s:17:6:19:39":8,"b:17:6:17:36:18:6:18:40:19:6:19:39":6,"s:20:24:20:105":9,"b:20:24:20:62:20:66:20:105":7,"s:21:20:21:93":10,"b:21:20:21:54:21:58:21:93":8,"s:22:20:22:93":11,"b:22:20:22:54:22:58:22:93":9,"s:23:4:29:Infinity":12,"b:25:16:25:23:25:26:25:28":10,"b:26:24:26:39:26:42:26:44":11,"b:27:20:27:31:27:34:27:36":12,"b:28:20:28:31:28:34:28:Infinity":13,"f:31:2:31:12":2,"b:32:4:32:Infinity:undefined:undefined:undefined:undefined":14,"s:32:4:32:Infinity":13,"s:32:17:32:Infinity":14,"s:34:6:36:42":15,"b:34:6:34:42:35:6:35:43:36:6:36:42":15,"b:37:4:37:Infinity:undefined:undefined:undefined:undefined":16,"s:37:4:37:Infinity":16,"s:37:20:37:Infinity":17,"s:39:6:41:39":18,"b:39:6:39:36:40:6:40:40:41:6:41:39":17,"s:42:24:42:105":19,"b:42:24:42:62:42:66:42:105":18,"s:43:20:43:93":20,"b:43:20:43:54:43:58:43:93":19,"s:44:20:44:93":21,"b:44:20:44:54:44:58:44:93":20,"s:45:4:51:Infinity":22,"b:47:16:47:23:47:26:47:28":21,"b:48:24:48:39:48:42:48:44":22,"b:49:20:49:31:49:34:49:36":23,"b:50:20:50:31:50:34:50:Infinity":24,"f:53:2:53:15":3,"b:54:4:54:Infinity:undefined:undefined:undefined:undefined":25,"s:54:4:54:Infinity":23,"s:54:17:54:Infinity":24,"s:55:4:58:Infinity":25,"b:56:6:56:42:57:6:57:43:58:6:58:42":26}}}
}
